     1 00000000                                 ﻿;hello-os
     2 00000000                                 ;TAB=4
     3 00000000                                 
     4                                          	ORG	0x7c00	; Where this program is loaded
     5 00007C00                                 
     6 00007C00 EB 4E                           	JMP	entry
     7 00007C02 90                              	DB	0x90
     8 00007C03 48 45 4C 4C 4F 49 50 4C         	DB	"HELLOIPL"	; ブートセクタの名前
     9 00007C0B 0200                            	DW	512		; 1セクタの大きさ
    10 00007C0D 01                              	DB	1		; クラスタの大きさ
    11 00007C0E 0001                            	DW	1		; FATの開始位置
    12 00007C10 02                              	DB	2		; FATの個数
    13 00007C11 00E0                            	DW	224		; ルートディレクトリ領域の大きさ
    14 00007C13 0B40                            	DW	2880		; このドライブの大きさ
    15 00007C15 F0                              	DB	0xf0		; メディアのタイプ
    16 00007C16 0009                            	DW	9		; FAT領域の長さ
    17 00007C18 0012                            	DW	18		; セクタ数/1トラック
    18 00007C1A 0002                            	DW	2		; ヘッドの数
    19 00007C1C 00000000                        	DD	0		; パーティションがあると変わる
    20 00007C20 00000B40                        	DD	2880		; このドライブの大きさ
    21 00007C24 00 00 29                        	DB	0, 0, 0x29	; 作者もよくわからないらしい？
    22 00007C27 FFFFFFFF                        	DD	0xffffffff	; ボリュームシリアル番号
    23 00007C2B 48 45 4C 4C 4F 2D 4F 53 20 20   	DB	"HELLO-OS   "	; ディスクの名前
       00007C35 20 
    24 00007C36 46 41 54 31 32 20 20 20         	DB	"FAT12   "	; フォーマットの名前
    25 00007C3E 00 00 00 00 00 00 00 00 00 00   	RESB	18		; 18バイトあけておく
       00007C48 00 00 00 00 00 00 00 00 
    26 00007C50                                 
    27 00007C50                                 ; body
    28 00007C50                                 entry:
    29 00007C50 B8 0000                         	MOV	AX, 0		; レジスタ初期化
    30 00007C53 8E D0                           	MOV	SS, AX
    31 00007C55 BC 7C00                         	MOV	SP, 0x7c00
    32 00007C58 8E D8                           	MOV	DS, AX
    33 00007C5A 8E C0                           	MOV	ES, AX
    34 00007C5C                                 
    35 00007C5C BE 7C74                         	MOV	SI, msg
    36 00007C5F                                 
    37 00007C5F                                 putloop:
    38 00007C5F 8A 04                           	MOV	AL, [SI]
    39 00007C61 83 C6 01                        	ADD	SI, 1		; SIをインクリメント
    40 00007C64 3C 00                           	CMP	AL, 0
    41 00007C66 74 09                           	JE	fin
    42 00007C68 B4 0E                           	MOV	AH, 0x0e	; 1文字表示関数の番号
    43 00007C6A BB 000F                         	MOV	BX, 15		; カラーコード
    44 00007C6D CD 10                           	INT	0x10		; システムコール
    45 00007C6F EB EE                           	JMP	putloop
    46 00007C71                                 fin:
    47 00007C71 F4                              	HLT
    48 00007C72 EB FD                           	JMP	fin
    49 00007C74                                 
    50 00007C74                                 msg:
    51 00007C74 0A 0A                           	DB	0x0a, 0x0a	; 改行をふたつ
    52 00007C76 68 65 6C 6C 6F 2C 20 77 6F 72   	DB	"hello, world"
       00007C80 6C 64 
    53 00007C82 0A                              	DB	0x0a
    54 00007C83 00                              	DB	0
    55 00007C84                                 
    56 00007C84 00 00 00 00 00 00 00 00 00 00   	RESB	0x7dfe - $	; 0x7dfeまで0でうめる
       00007C8E 00 00 00 00 00 00 00 00 00 00 
       00007C98 00 00 00 00 00 00 00 00 00 00 
       00007CA2 00 00 00 00 00 00 00 00 00 00 
       00007CAC 00 00 00 00 00 00 00 00 00 00 
       00007CB6 00 00 00 00 00 00 00 00 00 00 
       00007CC0 00 00 00 00 00 00 00 00 00 00 
       00007CCA 00 00 00 00 00 00 00 00 00 00 
       00007CD4 00 00 00 00 00 00 00 00 00 00 
       00007CDE 00 00 00 00 00 00 00 00 00 00 
       00007CE8 00 00 00 00 00 00 00 00 00 00 
       00007CF2 00 00 00 00 00 00 00 00 00 00 
       00007CFC 00 00 00 00 00 00 00 00 00 00 
       00007D06 00 00 00 00 00 00 00 00 00 00 
       00007D10 00 00 00 00 00 00 00 00 00 00 
       00007D1A 00 00 00 00 00 00 00 00 00 00 
       00007D24 00 00 00 00 00 00 00 00 00 00 
       00007D2E 00 00 00 00 00 00 00 00 00 00 
       00007D38 00 00 00 00 00 00 00 00 00 00 
       00007D42 00 00 00 00 00 00 00 00 00 00 
       00007D4C 00 00 00 00 00 00 00 00 00 00 
       00007D56 00 00 00 00 00 00 00 00 00 00 
       00007D60 00 00 00 00 00 00 00 00 00 00 
       00007D6A 00 00 00 00 00 00 00 00 00 00 
       00007D74 00 00 00 00 00 00 00 00 00 00 
       00007D7E 00 00 00 00 00 00 00 00 00 00 
       00007D88 00 00 00 00 00 00 00 00 00 00 
       00007D92 00 00 00 00 00 00 00 00 00 00 
       00007D9C 00 00 00 00 00 00 00 00 00 00 
       00007DA6 00 00 00 00 00 00 00 00 00 00 
       00007DB0 00 00 00 00 00 00 00 00 00 00 
       00007DBA 00 00 00 00 00 00 00 00 00 00 
       00007DC4 00 00 00 00 00 00 00 00 00 00 
       00007DCE 00 00 00 00 00 00 00 00 00 00 
       00007DD8 00 00 00 00 00 00 00 00 00 00 
       00007DE2 00 00 00 00 00 00 00 00 00 00 
       00007DEC 00 00 00 00 00 00 00 00 00 00 
       00007DF6 00 00 00 00 00 00 00 00 
    57 00007DFE                                 
    58 00007DFE 55 AA                           	DB	0x55, 0xaa
